C51 COMPILER V8.02   MAIN                                                                  06/21/2024 12:23:09 PAGE 1   


C51 COMPILER V8.02, COMPILATION OF MODULE MAIN
OBJECT MODULE PLACED IN main.OBJ
COMPILER INVOKED BY: C:\Keil\C51\BIN\C51.EXE main.c BROWSE DEBUG OBJECTEXTEND

line level    source

   1          #include<reg51.h>
   2          
   3          #define segment P2
   4          
   5          sbit s1 = P3^0;
   6          sbit s2 = P3^1;
   7          
   8          void sdelay(int d)
   9          {
  10   1      for(;d>0;d--);
  11   1      }
  12          
  13          void delay(int time)
  14          {
  15   1       unsigned int i,j;
  16   1       for(i=0;i<=time;i++)
  17   1       {
  18   2              for(j=0;j<=1000;j++);
  19   2       }
  20   1      }
  21          char digit[] = {0x03,0x9f,0x25,0x0d,0x99,0x49,0x41,0x1f,0x01,0x09};
  22          int k=0;
  23          void main()
  24          {
  25   1      while(1)
  26   1      {
  27   2              segment = 0x25; s1=1; s2=0; delay(15);
  28   2              segment = 0x25; s1=0; s2=1; delay(15);
  29   2      }
  30   1      }


MODULE INFORMATION:   STATIC OVERLAYABLE
   CODE SIZE        =     77    ----
   CONSTANT SIZE    =   ----    ----
   XDATA SIZE       =   ----    ----
   PDATA SIZE       =   ----    ----
   DATA SIZE        =     12    ----
   IDATA SIZE       =   ----    ----
   BIT SIZE         =   ----    ----
END OF MODULE INFORMATION.


C51 COMPILATION COMPLETE.  0 WARNING(S),  0 ERROR(S)
