C51 COMPILER V8.02   MAIN                                                                  07/09/2024 11:36:17 PAGE 1   


C51 COMPILER V8.02, COMPILATION OF MODULE MAIN
OBJECT MODULE PLACED IN main.OBJ
COMPILER INVOKED BY: C:\Keil\C51\BIN\C51.EXE main.c BROWSE DEBUG OBJECTEXTEND

line level    source

   1          #include<reg51.h>
   2          sbit light = P1^0;
   3          sbit fan = P1^1;
   4          
   5          void delay(int  time);
   6          
   7          void serial_begin()
   8          {
   9   1        TMOD = 0x20;
  10   1        TH1= 0xFD;
  11   1        SCON = 0X50;
  12   1        TR1=1;
  13   1      }
  14          
  15          void UART_send(unsigned char str[])
  16          {
  17   1       unsigned int i=0;
  18   1       for(i=0;str[i]!='\0';i++)
  19   1       {
  20   2        SBUF = str[i];
  21   2        while(TI==0);
  22   2        TI=0;
  23   2       }
  24   1      }
  25          unsigned char Data;
  26          void main()
  27          {
  28   1        serial_begin();
  29   1        light = 0;
  30   1        while(1)
  31   1        {
  32   2                while(RI == 0);
  33   2                RI=0;
  34   2                Data = SBUF;
  35   2                if(Data == 'L')
  36   2                {
  37   3                light = 1;
  38   3                UART_send("Light ON\r\n");
  39   3                }
  40   2                  if(Data == 'S')
  41   2                {
  42   3                light = 0;
  43   3                UART_send("Light OFF\r\n");
  44   3                }
  45   2        }
  46   1        
  47   1      }
  48          
  49          
  50          void delay(int  time)
  51          {
  52   1       unsigned int x,y;
  53   1       for(x=0;x<=time;x++)
  54   1       {
  55   2              for(y=0;y<=1000;y++);
C51 COMPILER V8.02   MAIN                                                                  07/09/2024 11:36:17 PAGE 2   

  56   2       }
  57   1      }


MODULE INFORMATION:   STATIC OVERLAYABLE
   CODE SIZE        =    130    ----
   CONSTANT SIZE    =     23    ----
   XDATA SIZE       =   ----    ----
   PDATA SIZE       =   ----    ----
   DATA SIZE        =      1       3
   IDATA SIZE       =   ----    ----
   BIT SIZE         =   ----    ----
END OF MODULE INFORMATION.


C51 COMPILATION COMPLETE.  0 WARNING(S),  0 ERROR(S)
