C51 COMPILER V8.02   MAIN                                                                  06/19/2024 12:16:02 PAGE 1   


C51 COMPILER V8.02, COMPILATION OF MODULE MAIN
OBJECT MODULE PLACED IN main.OBJ
COMPILER INVOKED BY: C:\Keil\C51\BIN\C51.EXE main.c BROWSE DEBUG OBJECTEXTEND

line level    source

   1          #include<reg51.h>
   2          
   3          sbit led = P1^0;
   4          sbit button = P2^0;
   5          
   6          void main()
   7          {
   8   1              led = 0;
   9   1              while(1)
  10   1              {
  11   2               if(button == 0)
  12   2               {
  13   3                led = 1;
  14   3               }
  15   2               if(button == 1)
  16   2               {
  17   3               led = 0;
  18   3               }
  19   2              }
  20   1      }


MODULE INFORMATION:   STATIC OVERLAYABLE
   CODE SIZE        =     14    ----
   CONSTANT SIZE    =   ----    ----
   XDATA SIZE       =   ----    ----
   PDATA SIZE       =   ----    ----
   DATA SIZE        =   ----    ----
   IDATA SIZE       =   ----    ----
   BIT SIZE         =   ----    ----
END OF MODULE INFORMATION.


C51 COMPILATION COMPLETE.  0 WARNING(S),  0 ERROR(S)
